<?xml version="1.0" encoding="UTF-8"?>
<coverage generated="1644454441190" clover="3.2.0">
  <project timestamp="1644454441190" name="All files">
    <metrics statements="12" coveredstatements="11" conditionals="4" coveredconditionals="4" methods="3" coveredmethods="3" elements="19" coveredelements="18" complexity="0" loc="12" ncloc="12" packages="1" files="1" classes="1"/>
    <file name="asyncFlow.js" path="/home/lucaspinheiro/trybe/backend/bloco-22-Node-js/02-dia/io-local/asyncFlow.js">
      <metrics statements="12" coveredstatements="11" conditionals="4" coveredconditionals="4" methods="3" coveredmethods="3"/>
      <line num="1" count="1" type="stmt"/>
      <line num="2" count="3" type="stmt"/>
      <line num="3" count="3" type="stmt"/>
      <line num="4" count="7" type="stmt"/>
      <line num="5" count="3" type="stmt"/>
      <line num="6" count="3" type="cond" truecount="2" falsecount="0"/>
      <line num="7" count="3" type="cond" truecount="2" falsecount="0"/>
      <line num="8" count="3" type="stmt"/>
      <line num="9" count="3" type="stmt"/>
      <line num="11" count="0" type="stmt"/>
      <line num="14" count="1" type="stmt"/>
      <line num="17" count="1" type="stmt"/>
    </file>
  </project>
</coverage>
