{"/home/lucaspinheiro/trybe/backend/bloco-22-Node-js/02-dia/io-local/asyncFlow.js": {"path":"/home/lucaspinheiro/trybe/backend/bloco-22-Node-js/02-dia/io-local/asyncFlow.js","statementMap":{"0":{"start":{"line":1,"column":25},"end":{"line":15,"column":1}},"1":{"start":{"line":2,"column":18},"end":{"line":13,"column":4}},"2":{"start":{"line":3,"column":21},"end":{"line":3,"column":39}},"3":{"start":{"line":4,"column":30},"end":{"line":4,"column":85}},"4":{"start":{"line":4,"column":57},"end":{"line":4,"column":84}},"5":{"start":{"line":5,"column":31},"end":{"line":5,"column":51}},"6":{"start":{"line":6,"column":4},"end":{"line":6,"column":60}},"7":{"start":{"line":6,"column":27},"end":{"line":6,"column":60}},"8":{"start":{"line":7,"column":4},"end":{"line":7,"column":60}},"9":{"start":{"line":7,"column":32},"end":{"line":7,"column":60}},"10":{"start":{"line":8,"column":4},"end":{"line":12,"column":5}},"11":{"start":{"line":9,"column":6},"end":{"line":9,"column":34}},"12":{"start":{"line":11,"column":6},"end":{"line":11,"column":20}},"13":{"start":{"line":14,"column":2},"end":{"line":14,"column":17}},"14":{"start":{"line":17,"column":0},"end":{"line":17,"column":34}}},"fnMap":{"0":{"name":"(anonymous_0)","decl":{"start":{"line":1,"column":25},"end":{"line":1,"column":26}},"loc":{"start":{"line":1,"column":53},"end":{"line":15,"column":1}},"line":1},"1":{"name":"(anonymous_1)","decl":{"start":{"line":2,"column":36},"end":{"line":2,"column":37}},"loc":{"start":{"line":2,"column":57},"end":{"line":13,"column":3}},"line":2},"2":{"name":"(anonymous_2)","decl":{"start":{"line":4,"column":45},"end":{"line":4,"column":46}},"loc":{"start":{"line":4,"column":57},"end":{"line":4,"column":84}},"line":4}},"branchMap":{"0":{"loc":{"start":{"line":6,"column":4},"end":{"line":6,"column":60}},"type":"if","locations":[{"start":{"line":6,"column":4},"end":{"line":6,"column":60}},{"start":{},"end":{}}],"line":6},"1":{"loc":{"start":{"line":7,"column":4},"end":{"line":7,"column":60}},"type":"if","locations":[{"start":{"line":7,"column":4},"end":{"line":7,"column":60}},{"start":{},"end":{}}],"line":7}},"s":{"0":1,"1":3,"2":3,"3":3,"4":7,"5":3,"6":3,"7":1,"8":3,"9":1,"10":3,"11":3,"12":0,"13":1,"14":1},"f":{"0":3,"1":3,"2":7},"b":{"0":[1,2],"1":[1,2]},"_coverageSchema":"1a1c01bbd47fc00a2c39e90264f33305004495a9","hash":"8e975fe51faaf0abeea4a2df5f4f83b681873140"}
}
